Base path: /Applications/Unity.app/Contents
Pipe name: \\.\pipe\UnityShaderCompiler-4--1333014528
Cmd: getPlatforms
Cmd: compileSnippet
  api=9 type=0 insize=986 outsize=721 kw= ok=1
Cmd: compileSnippet
  api=9 type=1 insize=1203 outsize=7 kw= ok=1
Cmd: compileSnippet
  api=9 type=1 insize=1322 outsize=7 kw= ok=1
Cmd: compileSnippet
  api=9 type=1 insize=1260 outsize=7 kw= ok=1
Cmd: compileSnippet
  api=9 type=1 insize=1260 outsize=7 kw= ok=1
Cmd: compileSnippet
  api=9 type=1 insize=1282 outsize=7 kw= ok=1
Cmd: compileSnippet
  api=9 type=1 insize=1222 outsize=7 kw= ok=1
Cmd: compileSnippet
  api=9 type=1 insize=1218 outsize=7 kw= ok=1
Cmd: compileSnippet
  api=9 type=0 insize=1333 outsize=1049 kw= ok=1
Cmd: compileSnippet
  api=9 type=1 insize=942 outsize=7 kw= ok=1
Cmd: compileSnippet
  api=9 type=0 insize=1051 outsize=1052 kw= ok=1
Cmd: compileSnippet
  api=9 type=0 insize=1041 outsize=928 kw= ok=1
End of pipe

Quitting shader compiler process
